build/intermediates/manifest_merge_blame_file/release/manifest-merger-blame-release-report.txt
1<?xml version="1.0" encoding="utf-8"?>
2<manifest xmlns:android="http://schemas.android.com/apk/res/android"
3    package="com.cargo.speakmodule"
4    android:versionCode="1"
5    android:versionName="1.0" >
6
7    <uses-sdk
8        android:minSdkVersion="21"
8-->src/main/AndroidManifest.xml
9        android:targetSdkVersion="31" />
9-->src/main/AndroidManifest.xml
10
11    <application>
11-->src/main/AndroidManifest.xml:4:5-15:19
12        <service
12-->src/main/AndroidManifest.xml:5:9-14:19
13            android:name="com.cargo.speakmodule.NotifyService"
13-->src/main/AndroidManifest.xml:6:13-42
14            android:enabled="true"
14-->src/main/AndroidManifest.xml:7:13-35
15            android:exported="true"
15-->src/main/AndroidManifest.xml:10:13-36
16            android:label="测试通知服务"
16-->src/main/AndroidManifest.xml:8:13-35
17            android:permission="android.permission.BIND_NOTIFICATION_LISTENER_SERVICE" >
17-->src/main/AndroidManifest.xml:9:13-87
18            <intent-filter>
18-->src/main/AndroidManifest.xml:11:13-13:29
19                <action android:name="android.service.notification.NotificationListenerService" />
19-->src/main/AndroidManifest.xml:12:17-99
19-->src/main/AndroidManifest.xml:12:25-96
20            </intent-filter>
21        </service>
22    </application>
23
24</manifest>